<?xml version="1.0" encoding="UTF-8"?>
<testsuites>
  <testsuite name="tests" tests="2" assertions="5" failures="0" errors="1" time="0.007969">
    <testsuite name="OpgTest\Lpa\Logger\LoggerTest" file="/app/tests/OpgTest/Lpa/Logger/LoggerTest.php" tests="2" assertions="5" failures="0" errors="1" time="0.007969">
      <testcase name="testMessageLoggingWithSns" class="OpgTest\Lpa\Logger\LoggerTest" file="/app/tests/OpgTest/Lpa/Logger/LoggerTest.php" line="9" assertions="0" time="0.003190">
        <error type="Zend\Log\Exception\RuntimeException">OpgTest\Lpa\Logger\LoggerTest::testMessageLoggingWithSns
Zend\Log\Exception\RuntimeException: No log writer specified

/app/vendor/zendframework/zend-log/src/Logger.php:434
/app/vendor/zendframework/zend-log/src/Logger.php:481
/app/tests/OpgTest/Lpa/Logger/LoggerTest.php:28
</error>
      </testcase>
      <testcase name="testMessageLoggingWithSentry" class="OpgTest\Lpa\Logger\LoggerTest" file="/app/tests/OpgTest/Lpa/Logger/LoggerTest.php" line="34" assertions="5" time="0.004779"/>
    </testsuite>
  </testsuite>
</testsuites>
